#
# There is insufficient memory for the Java Runtime Environment to continue.
# Native memory allocation (malloc) failed to allocate 1048576 bytes. Error detail: AllocateHeap
# Possible reasons:
#   The system is out of physical RAM or swap space
#   This process is running with CompressedOops enabled, and the Java Heap may be blocking the growth of the native heap
# Possible solutions:
#   Reduce memory load on the system
#   Increase physical memory or swap space
#   Check if swap backing store is full
#   Decrease Java heap size (-Xmx/-Xms)
#   Decrease number of Java threads
#   Decrease Java thread stack sizes (-Xss)
#   Set larger code cache with -XX:ReservedCodeCacheSize=
#   JVM is running with Unscaled Compressed Oops mode in which the Java heap is
#     placed in the first 4GB address space. The Java Heap base address is the
#     maximum limit for the native heap growth. Please use -XX:HeapBaseMinAddress
#     to set the Java Heap base and to place the Java Heap above 4GB virtual address.
# This output file may be truncated or incomplete.
#
#  Out of Memory Error (allocation.cpp:44), pid=11300, tid=14192
#
# JRE version: OpenJDK Runtime Environment Temurin-21.0.9+10 (21.0.9+10) (build 21.0.9+10-LTS)
# Java VM: OpenJDK 64-Bit Server VM Temurin-21.0.9+10 (21.0.9+10-LTS, mixed mode, sharing, tiered, compressed oops, compressed class ptrs, parallel gc, windows-amd64)
# No core dump will be written. Minidumps are not enabled by default on client versions of Windows
#

---------------  S U M M A R Y ------------

Command Line: --add-modules=ALL-SYSTEM --add-opens=java.base/java.util=ALL-UNNAMED --add-opens=java.base/java.lang=ALL-UNNAMED --add-opens=java.base/sun.nio.fs=ALL-UNNAMED -Declipse.application=org.eclipse.jdt.ls.core.id1 -Dosgi.bundles.defaultStartLevel=4 -Declipse.product=org.eclipse.jdt.ls.core.product -Djava.import.generatesMetadataFilesAtProjectRoot=false -DDetectVMInstallationsJob.disabled=true -Dfile.encoding=utf8 -XX:+UseParallelGC -XX:GCTimeRatio=4 -XX:AdaptiveSizePolicyWeight=90 -Dsun.zip.disableMemoryMapping=true -Xmx2G -Xms100m -Xlog:disable -javaagent:c:\Users\Administrator\.vscode\extensions\redhat.java-1.52.0-win32-x64\lombok\lombok-1.18.39-4050.jar -XX:+HeapDumpOnOutOfMemoryError -XX:HeapDumpPath=c:\Users\Administrator\AppData\Roaming\Code\User\workspaceStorage\45473262a3cf383fdb719061347ca718\redhat.java -Daether.dependencyCollector.impl=bf c:\Users\Administrator\.vscode\extensions\redhat.java-1.52.0-win32-x64\server\plugins\org.eclipse.equinox.launcher_1.7.100.v20251111-0406.jar -configuration c:\Users\Administrator\AppData\Roaming\Code\User\globalStorage\redhat.java\1.52.0\config_win -data c:\Users\Administrator\AppData\Roaming\Code\User\workspaceStorage\45473262a3cf383fdb719061347ca718\redhat.java\jdt_ws --pipe=\\.\pipe\lsp-83ed938373010533bd640b70b3c4bea1-sock

Host: Intel(R) Core(TM) i5-3230M CPU @ 2.60GHz, 4 cores, 7G,  Windows 11 , 64 bit Build 22621 (10.0.22621.3958)
Time: Mon Feb 16 18:14:20 2026 Malay Peninsula Standard Time elapsed time: 6517.940168 seconds (0d 1h 48m 37s)

---------------  T H R E A D  ---------------

Current thread (0x0000019207e83ad0):  JavaThread "Attach Listener" daemon [_thread_in_vm, id=14192, stack(0x0000006644200000,0x0000006644300000) (1024K)]

Stack: [0x0000006644200000,0x0000006644300000]
Native frames: (J=compiled Java code, j=interpreted, Vv=VM code, C=native code)
V  [jvm.dll+0x6d6e29]
V  [jvm.dll+0x8b4b76]
V  [jvm.dll+0x8b712e]
V  [jvm.dll+0x8b7813]
V  [jvm.dll+0x283d86]
V  [jvm.dll+0xc1277]
V  [jvm.dll+0x6d76d9]
V  [jvm.dll+0x133466]
V  [jvm.dll+0x3f7ea6]
V  [jvm.dll+0x85e9ad]
V  [jvm.dll+0x6d565d]
C  [ucrtbase.dll+0x29333]
C  [KERNEL32.DLL+0x1257d]
C  [ntdll.dll+0x5af28]


---------------  P R O C E S S  ---------------

Threads class SMR info:
_java_thread_list=0x00000192708bdb90, length=45, elements={
0x0000019207f8eaf0, 0x000001920804ae20, 0x000001920804c360, 0x0000019207e82e80,
0x0000019207e83ad0, 0x0000019207e86530, 0x0000019207e86f80, 0x0000019207e87db0,
0x0000019207efc680, 0x000001926065e820, 0x00000192607020e0, 0x000001926562cee0,
0x0000019265408620, 0x000001926511c0c0, 0x000001926511caf0, 0x0000019265695530,
0x00000192653a11e0, 0x0000019265c4afa0, 0x000001926577acd0, 0x0000019265f71510,
0x0000019265f728c0, 0x00000192673a79a0, 0x00000192673a86c0, 0x00000192673aae20,
0x00000192673aa100, 0x00000192673a7310, 0x00000192673ac860, 0x00000192673aa790,
0x00000192673a8d50, 0x00000192673a65f0, 0x00000192673a93e0, 0x00000192673ac1d0,
0x00000192673acef0, 0x00000192673a6c80, 0x00000192673a8030, 0x0000019265f72230,
0x00000192688c2330, 0x00000192688c3050, 0x00000192688c36e0, 0x00000192688c71f0,
0x00000192688c4a90, 0x00000192688c7880, 0x00000192688c9950, 0x00000192688c57b0,
0x00000192688c5e40
}

Java Threads: ( => current thread )
  0x0000019207f8eaf0 JavaThread "main"                              [_thread_blocked, id=9184, stack(0x0000006643a00000,0x0000006643b00000) (1024K)]
  0x000001920804ae20 JavaThread "Reference Handler"          daemon [_thread_blocked, id=9532, stack(0x0000006643f00000,0x0000006644000000) (1024K)]
  0x000001920804c360 JavaThread "Finalizer"                  daemon [_thread_blocked, id=1716, stack(0x0000006644000000,0x0000006644100000) (1024K)]
  0x0000019207e82e80 JavaThread "Signal Dispatcher"          daemon [_thread_blocked, id=12000, stack(0x0000006644100000,0x0000006644200000) (1024K)]
=>0x0000019207e83ad0 JavaThread "Attach Listener"            daemon [_thread_in_vm, id=14192, stack(0x0000006644200000,0x0000006644300000) (1024K)]
  0x0000019207e86530 JavaThread "Service Thread"             daemon [_thread_blocked, id=9980, stack(0x0000006644300000,0x0000006644400000) (1024K)]
  0x0000019207e86f80 JavaThread "Monitor Deflation Thread"   daemon [_thread_blocked, id=12292, stack(0x0000006644400000,0x0000006644500000) (1024K)]
  0x0000019207e87db0 JavaThread "C2 CompilerThread0"         daemon [_thread_blocked, id=11148, stack(0x0000006644500000,0x0000006644600000) (1024K)]
  0x0000019207efc680 JavaThread "C1 CompilerThread0"         daemon [_thread_blocked, id=13348, stack(0x0000006644600000,0x0000006644700000) (1024K)]
  0x000001926065e820 JavaThread "Common-Cleaner"             daemon [_thread_blocked, id=2468, stack(0x0000006644700000,0x0000006644800000) (1024K)]
  0x00000192607020e0 JavaThread "Notification Thread"        daemon [_thread_blocked, id=11576, stack(0x0000006644800000,0x0000006644900000) (1024K)]
  0x000001926562cee0 JavaThread "Active Thread: Equinox Container: e42f86a1-58b4-4f85-9b35-747f03468700"        [_thread_blocked, id=928, stack(0x0000006644d00000,0x0000006644e00000) (1024K)]
  0x0000019265408620 JavaThread "Refresh Thread: Equinox Container: e42f86a1-58b4-4f85-9b35-747f03468700" daemon [_thread_blocked, id=4752, stack(0x0000006644900000,0x0000006644a00000) (1024K)]
  0x000001926511c0c0 JavaThread "Framework Event Dispatcher: Equinox Container: e42f86a1-58b4-4f85-9b35-747f03468700" daemon [_thread_blocked, id=5168, stack(0x0000006644e00000,0x0000006644f00000) (1024K)]
  0x000001926511caf0 JavaThread "Start Level: Equinox Container: e42f86a1-58b4-4f85-9b35-747f03468700" daemon [_thread_blocked, id=13828, stack(0x0000006644f00000,0x0000006645000000) (1024K)]
  0x0000019265695530 JavaThread "Bundle File Closer"         daemon [_thread_blocked, id=1596, stack(0x0000006645100000,0x0000006645200000) (1024K)]
  0x00000192653a11e0 JavaThread "SCR Component Actor"        daemon [_thread_blocked, id=6724, stack(0x0000006645000000,0x0000006645100000) (1024K)]
  0x0000019265c4afa0 JavaThread "Worker-JM"                         [_thread_blocked, id=4980, stack(0x0000006645300000,0x0000006645400000) (1024K)]
  0x000001926577acd0 JavaThread "JNA Cleaner"                daemon [_thread_blocked, id=4432, stack(0x0000006645200000,0x0000006645300000) (1024K)]
  0x0000019265f71510 JavaThread "Timer-0"                           [_thread_blocked, id=10764, stack(0x0000006645e00000,0x0000006645f00000) (1024K)]
  0x0000019265f728c0 JavaThread "Java indexing"              daemon [_thread_blocked, id=8236, stack(0x0000006645f00000,0x0000006646000000) (1024K)]
  0x00000192673a79a0 JavaThread "Timer-1"                           [_thread_blocked, id=9604, stack(0x0000006646000000,0x0000006646100000) (1024K)]
  0x00000192673a86c0 JavaThread "Thread-4"                   daemon [_thread_in_native, id=3508, stack(0x0000006646300000,0x0000006646400000) (1024K)]
  0x00000192673aae20 JavaThread "Thread-5"                   daemon [_thread_in_native, id=9232, stack(0x0000006646400000,0x0000006646500000) (1024K)]
  0x00000192673aa100 JavaThread "Thread-6"                   daemon [_thread_in_native, id=2760, stack(0x0000006646500000,0x0000006646600000) (1024K)]
  0x00000192673a7310 JavaThread "Thread-7"                   daemon [_thread_in_native, id=904, stack(0x0000006646600000,0x0000006646700000) (1024K)]
  0x00000192673ac860 JavaThread "Thread-8"                   daemon [_thread_in_native, id=11788, stack(0x0000006646700000,0x0000006646800000) (1024K)]
  0x00000192673aa790 JavaThread "pool-2-thread-1"                   [_thread_blocked, id=264, stack(0x0000006646800000,0x0000006646900000) (1024K)]
  0x00000192673a8d50 JavaThread "WorkspaceEventsHandler"            [_thread_blocked, id=3448, stack(0x0000006646900000,0x0000006646a00000) (1024K)]
  0x00000192673a65f0 JavaThread "pool-1-thread-1"                   [_thread_blocked, id=1720, stack(0x0000006646a00000,0x0000006646b00000) (1024K)]
  0x00000192673a93e0 JavaThread "Timer-2"                           [_thread_blocked, id=12716, stack(0x0000006645600000,0x0000006645700000) (1024K)]
  0x00000192673ac1d0 JavaThread "Timer-3"                           [_thread_blocked, id=12572, stack(0x0000006643b00000,0x0000006643c00000) (1024K)]
  0x00000192673acef0 JavaThread "Timer-4"                           [_thread_blocked, id=10876, stack(0x0000006645400000,0x0000006645500000) (1024K)]
  0x00000192673a6c80 JavaThread "Timer-5"                           [_thread_blocked, id=10364, stack(0x0000006645800000,0x0000006645900000) (1024K)]
  0x00000192673a8030 JavaThread "Timer-6"                           [_thread_blocked, id=14064, stack(0x0000006645a00000,0x0000006645b00000) (1024K)]
  0x0000019265f72230 JavaThread "Timer-7"                           [_thread_blocked, id=7424, stack(0x0000006645d00000,0x0000006645e00000) (1024K)]
  0x00000192688c2330 JavaThread "Timer-8"                           [_thread_blocked, id=9372, stack(0x0000006643900000,0x0000006643a00000) (1024K)]
  0x00000192688c3050 JavaThread "Worker-7"                          [_thread_blocked, id=11180, stack(0x0000006645900000,0x0000006645a00000) (1024K)]
  0x00000192688c36e0 JavaThread "Timer-9"                           [_thread_blocked, id=10080, stack(0x0000006646100000,0x0000006646200000) (1024K)]
  0x00000192688c71f0 JavaThread "Timer-10"                          [_thread_blocked, id=12456, stack(0x0000006646200000,0x0000006646300000) (1024K)]
  0x00000192688c4a90 JavaThread "Timer-11"                          [_thread_blocked, id=9832, stack(0x0000006646b00000,0x0000006646c00000) (1024K)]
  0x00000192688c7880 JavaThread "Timer-12"                          [_thread_blocked, id=11852, stack(0x0000006646c00000,0x0000006646d00000) (1024K)]
  0x00000192688c9950 JavaThread "Timer-13"                          [_thread_blocked, id=2324, stack(0x0000006645700000,0x0000006645800000) (1024K)]
  0x00000192688c57b0 JavaThread "Worker-8"                          [_thread_blocked, id=9648, stack(0x0000006645b00000,0x0000006645c00000) (1024K)]
  0x00000192688c5e40 JavaThread "Timer-14"                          [_thread_blocked, id=12832, stack(0x0000006645c00000,0x0000006645d00000) (1024K)]
Total: 45

Other Threads:
  0x00000192080316e0 VMThread "VM Thread"                           [id=1524, stack(0x0000006643e00000,0x0000006643f00000) (1024K)]
  0x0000019207e1ca00 WatcherThread "VM Periodic Task Thread"        [id=9924, stack(0x0000006643d00000,0x0000006643e00000) (1024K)]
  0x0000019207fac080 WorkerThread "GC Thread#0"                     [id=8976, stack(0x0000006643c00000,0x0000006643d00000) (1024K)]
  0x0000019265272b80 WorkerThread "GC Thread#1"                     [id=10136, stack(0x0000006644a00000,0x0000006644b00000) (1024K)]
  0x0000019265277f30 WorkerThread "GC Thread#2"                     [id=4100, stack(0x0000006644b00000,0x0000006644c00000) (1024K)]
  0x0000019265272f20 WorkerThread "GC Thread#3"                     [id=9592, stack(0x0000006644c00000,0x0000006644d00000) (1024K)]
Total: 6

Threads with active compile tasks:
Total: 0

VM state: not at safepoint (normal execution)

VM Mutex/Monitor currently owned by a thread: None

Heap address: 0x0000000080000000, size: 2048 MB, Compressed Oops mode: 32-bit

CDS archive(s) mapped at: [0x000001921f000000-0x000001921fba0000-0x000001921fba0000), size 12189696, SharedBaseAddress: 0x000001921f000000, ArchiveRelocationMode: 1.
Compressed class space mapped at: 0x0000019220000000-0x0000019260000000, reserved size: 1073741824
Narrow klass base: 0x000001921f000000, Narrow klass shift: 0, Narrow klass range: 0x100000000

GC Precious Log:
 CardTable entry size: 512
 CPUs: 4 total, 4 available
 Memory: 8081M
 Large Page Support: Disabled
 NUMA Support: Disabled
 Compressed Oops: Enabled (32-bit)
 Alignments: Space 512K, Generation 512K, Heap 2M
 Heap Min Capacity: 100M
 Heap Initial Capacity: 100M
 Heap Max Capacity: 2G
 Pre-touch: Disabled
 Parallel Workers: 4

Heap:
 PSYoungGen      total 24064K, used 8164K [0x00000000d5580000, 0x00000000d7400000, 0x0000000100000000)
  eden space 22016K, 35% used [0x00000000d5580000,0x00000000d5d190e8,0x00000000d6b00000)
  from space 2048K, 18% used [0x00000000d7080000,0x00000000d70e0000,0x00000000d7280000)
  to   space 1024K, 0% used [0x00000000d7300000,0x00000000d7300000,0x00000000d7400000)
 ParOldGen       total 77824K, used 77693K [0x0000000080000000, 0x0000000084c00000, 0x00000000d5580000)
  object space 77824K, 99% used [0x0000000080000000,0x0000000084bdf500,0x0000000084c00000)
 Metaspace       used 87309K, committed 89152K, reserved 1179648K
  class space    used 11528K, committed 12352K, reserved 1048576K

Card table byte_map: [0x0000019207930000,0x0000019207d40000] _byte_map_base: 0x0000019207530000

Marking Bits: (ParMarkBitMap*) 0x00007ffb9cd32460
 Begin Bits: [0x000001921a440000, 0x000001921c440000)
 End Bits:   [0x000001921c440000, 0x000001921e440000)

Polling page: 0x0000019205dc0000

Metaspace:

Usage:
  Non-class:     74.00 MB used.
      Class:     11.26 MB used.
       Both:     85.26 MB used.

Virtual space:
  Non-class space:      128.00 MB reserved,      75.00 MB ( 59%) committed,  2 nodes.
      Class space:        1.00 GB reserved,      12.06 MB (  1%) committed,  1 nodes.
             Both:        1.12 GB reserved,      87.06 MB (  8%) committed. 

Chunk freelists:
   Non-Class:  4.82 MB
       Class:  3.78 MB
        Both:  8.60 MB

MaxMetaspaceSize: unlimited
CompressedClassSpaceSize: 1.00 GB
Initial GC threshold: 21.00 MB
Current GC threshold: 97.31 MB
CDS: on
 - commit_granule_bytes: 65536.
 - commit_granule_words: 8192.
 - virtual_space_node_default_size: 8388608.
 - enlarge_chunks_in_place: 1.
 - use_allocation_guard: 0.


Internal statistics:

num_allocs_failed_limit: 9.
num_arena_births: 1870.
num_arena_deaths: 16.
num_vsnodes_births: 3.
num_vsnodes_deaths: 0.
num_space_committed: 1393.
num_space_uncommitted: 0.
num_chunks_returned_to_freelist: 25.
num_chunks_taken_from_freelist: 5711.
num_chunk_merges: 12.
num_chunk_splits: 3661.
num_chunks_enlarged: 2263.
num_inconsistent_stats: 0.

CodeHeap 'non-profiled nmethods': size=120000Kb used=8287Kb max_used=8287Kb free=111712Kb
 bounds [0x0000019212c60000, 0x0000019213480000, 0x000001921a190000]
CodeHeap 'profiled nmethods': size=120000Kb used=20301Kb max_used=20301Kb free=99698Kb
 bounds [0x000001920b190000, 0x000001920c570000, 0x00000192126c0000]
CodeHeap 'non-nmethods': size=5760Kb used=1438Kb max_used=1490Kb free=4321Kb
 bounds [0x00000192126c0000, 0x0000019212930000, 0x0000019212c60000]
CodeCache: size=245760Kb, used=30026Kb, max_used=30078Kb, free=215731Kb
 total_blobs=10693, nmethods=9946, adapters=653, full_count=0
Compilation: enabled, stopped_count=0, restarted_count=0

Compilation events (20 events):
Event: 3635.199 Thread 0x0000019207efc680 10749  s!   3       org.eclipse.core.internal.jobs.WorkerPool::sleep (124 bytes)
Event: 3635.200 Thread 0x0000019207efc680 nmethod 10749 0x000001920c55b390 code [0x000001920c55b5a0, 0x000001920c55bab8]
Event: 3735.581 Thread 0x0000019207e87db0 10750       4       java.util.concurrent.locks.AbstractQueuedSynchronizer$ConditionObject::unlinkCancelledWaiters (91 bytes)
Event: 3735.628 Thread 0x0000019207e87db0 nmethod 10750 0x0000019213477690 code [0x0000019213477820, 0x0000019213477988]
Event: 3885.611 Thread 0x0000019207efc680 10751       1       com.sun.jna.internal.Cleaner::access$200 (5 bytes)
Event: 3885.673 Thread 0x0000019207efc680 nmethod 10751 0x0000019213477b10 code [0x0000019213477ca0, 0x0000019213477d50]
Event: 3891.152 Thread 0x0000019207efc680 10752       3       org.eclipse.jdt.ls.core.internal.ParentProcessWatcher::parentProcessStillRunning (62 bytes)
Event: 3891.197 Thread 0x0000019207efc680 nmethod 10752 0x000001920c55bc90 code [0x000001920c55bec0, 0x000001920c55c5a8]
Event: 4575.724 Thread 0x0000019207efc680 10753   !   3       java.lang.ref.ReferenceQueue::remove (61 bytes)
Event: 4575.845 Thread 0x0000019207efc680 nmethod 10753 0x000001920c55c810 code [0x000001920c55caa0, 0x000001920c55d628]
Event: 4945.527 Thread 0x0000019207efc680 10755       3       java.util.concurrent.locks.AbstractQueuedSynchronizer$ConditionObject::await (202 bytes)
Event: 4945.583 Thread 0x0000019207efc680 nmethod 10755 0x000001920c55da10 code [0x000001920c55dd00, 0x000001920c55eb30]
Event: 4995.885 Thread 0x0000019207efc680 10756       3       java.lang.ref.ReferenceQueue::await (15 bytes)
Event: 4995.886 Thread 0x0000019207efc680 nmethod 10756 0x000001920c55f110 code [0x000001920c55f2c0, 0x000001920c55f460]
Event: 5536.014 Thread 0x0000019207efc680 10757   !   3       java.util.logging.LogManager::getUserContext (118 bytes)
Event: 5536.037 Thread 0x0000019207efc680 nmethod 10757 0x000001920c55f590 code [0x000001920c55f740, 0x000001920c55f9b0]
Event: 5536.038 Thread 0x0000019207efc680 10758       3       jdk.internal.access.SharedSecrets::getJavaAWTAccess (4 bytes)
Event: 5536.038 Thread 0x0000019207efc680 nmethod 10758 0x000001920c55fb10 code [0x000001920c55fca0, 0x000001920c55fd98]
Event: 5702.166 Thread 0x0000019207efc680 10759   !   3       org.eclipse.core.internal.jobs.JobManager::nextJob (291 bytes)
Event: 5702.291 Thread 0x0000019207efc680 nmethod 10759 0x000001920c55fe10 code [0x000001920c5602a0, 0x000001920c5623a8]

GC Heap History (20 events):
Event: 1011.581 GC heap before
{Heap before GC invocations=75 (full 3):
 PSYoungGen      total 27648K, used 22848K [0x00000000d5580000, 0x00000000d7480000, 0x0000000100000000)
  eden space 22016K, 100% used [0x00000000d5580000,0x00000000d6b00000,0x00000000d6b00000)
  from space 5632K, 14% used [0x00000000d6b00000,0x00000000d6bd0020,0x00000000d7080000)
  to   space 2560K, 0% used [0x00000000d7200000,0x00000000d7200000,0x00000000d7480000)
 ParOldGen       total 68608K, used 60695K [0x0000000080000000, 0x0000000084300000, 0x00000000d5580000)
  object space 68608K, 88% used [0x0000000080000000,0x0000000083b45e20,0x0000000084300000)
 Metaspace       used 77328K, committed 78976K, reserved 1179648K
  class space    used 9921K, committed 10624K, reserved 1048576K
}
Event: 1011.584 GC heap after
{Heap after GC invocations=75 (full 3):
 PSYoungGen      total 23040K, used 592K [0x00000000d5580000, 0x00000000d7300000, 0x0000000100000000)
  eden space 22016K, 0% used [0x00000000d5580000,0x00000000d5580000,0x00000000d6b00000)
  from space 1024K, 57% used [0x00000000d7200000,0x00000000d7294010,0x00000000d7300000)
  to   space 1024K, 0% used [0x00000000d7100000,0x00000000d7100000,0x00000000d7200000)
 ParOldGen       total 68608K, used 61463K [0x0000000080000000, 0x0000000084300000, 0x00000000d5580000)
  object space 68608K, 89% used [0x0000000080000000,0x0000000083c05e50,0x0000000084300000)
 Metaspace       used 77328K, committed 78976K, reserved 1179648K
  class space    used 9921K, committed 10624K, reserved 1048576K
}
Event: 1020.391 GC heap before
{Heap before GC invocations=76 (full 3):
 PSYoungGen      total 23040K, used 22608K [0x00000000d5580000, 0x00000000d7300000, 0x0000000100000000)
  eden space 22016K, 100% used [0x00000000d5580000,0x00000000d6b00000,0x00000000d6b00000)
  from space 1024K, 57% used [0x00000000d7200000,0x00000000d7294010,0x00000000d7300000)
  to   space 1024K, 0% used [0x00000000d7100000,0x00000000d7100000,0x00000000d7200000)
 ParOldGen       total 68608K, used 61463K [0x0000000080000000, 0x0000000084300000, 0x00000000d5580000)
  object space 68608K, 89% used [0x0000000080000000,0x0000000083c05e50,0x0000000084300000)
 Metaspace       used 79220K, committed 80896K, reserved 1179648K
  class space    used 10239K, committed 10944K, reserved 1048576K
}
Event: 1020.396 GC heap after
{Heap after GC invocations=76 (full 3):
 PSYoungGen      total 23040K, used 854K [0x00000000d5580000, 0x00000000d7280000, 0x0000000100000000)
  eden space 22016K, 0% used [0x00000000d5580000,0x00000000d5580000,0x00000000d6b00000)
  from space 1024K, 83% used [0x00000000d7100000,0x00000000d71d5ae0,0x00000000d7200000)
  to   space 512K, 0% used [0x00000000d7200000,0x00000000d7200000,0x00000000d7280000)
 ParOldGen       total 68608K, used 61974K [0x0000000080000000, 0x0000000084300000, 0x00000000d5580000)
  object space 68608K, 90% used [0x0000000080000000,0x0000000083c85b60,0x0000000084300000)
 Metaspace       used 79220K, committed 80896K, reserved 1179648K
  class space    used 10239K, committed 10944K, reserved 1048576K
}
Event: 3330.817 GC heap before
{Heap before GC invocations=77 (full 3):
 PSYoungGen      total 23040K, used 22870K [0x00000000d5580000, 0x00000000d7280000, 0x0000000100000000)
  eden space 22016K, 100% used [0x00000000d5580000,0x00000000d6b00000,0x00000000d6b00000)
  from space 1024K, 83% used [0x00000000d7100000,0x00000000d71d5ae0,0x00000000d7200000)
  to   space 512K, 0% used [0x00000000d7200000,0x00000000d7200000,0x00000000d7280000)
 ParOldGen       total 68608K, used 61974K [0x0000000080000000, 0x0000000084300000, 0x00000000d5580000)
  object space 68608K, 90% used [0x0000000080000000,0x0000000083c85b60,0x0000000084300000)
 Metaspace       used 79709K, committed 81472K, reserved 1179648K
  class space    used 10267K, committed 11008K, reserved 1048576K
}
Event: 3331.038 GC heap after
{Heap after GC invocations=77 (full 3):
 PSYoungGen      total 22528K, used 445K [0x00000000d5580000, 0x00000000d7280000, 0x0000000100000000)
  eden space 22016K, 0% used [0x00000000d5580000,0x00000000d5580000,0x00000000d6b00000)
  from space 512K, 87% used [0x00000000d7200000,0x00000000d726f600,0x00000000d7280000)
  to   space 1024K, 0% used [0x00000000d7080000,0x00000000d7080000,0x00000000d7180000)
 ParOldGen       total 68608K, used 62510K [0x0000000080000000, 0x0000000084300000, 0x00000000d5580000)
  object space 68608K, 91% used [0x0000000080000000,0x0000000083d0bb60,0x0000000084300000)
 Metaspace       used 79709K, committed 81472K, reserved 1179648K
  class space    used 10267K, committed 11008K, reserved 1048576K
}
Event: 3356.150 GC heap before
{Heap before GC invocations=78 (full 3):
 PSYoungGen      total 22528K, used 22461K [0x00000000d5580000, 0x00000000d7280000, 0x0000000100000000)
  eden space 22016K, 100% used [0x00000000d5580000,0x00000000d6b00000,0x00000000d6b00000)
  from space 512K, 87% used [0x00000000d7200000,0x00000000d726f600,0x00000000d7280000)
  to   space 1024K, 0% used [0x00000000d7080000,0x00000000d7080000,0x00000000d7180000)
 ParOldGen       total 68608K, used 62510K [0x0000000080000000, 0x0000000084300000, 0x00000000d5580000)
  object space 68608K, 91% used [0x0000000080000000,0x0000000083d0bb60,0x0000000084300000)
 Metaspace       used 80371K, committed 82112K, reserved 1179648K
  class space    used 10364K, committed 11136K, reserved 1048576K
}
Event: 3356.163 GC heap after
{Heap after GC invocations=78 (full 3):
 PSYoungGen      total 23040K, used 1011K [0x00000000d5580000, 0x00000000d7f00000, 0x0000000100000000)
  eden space 22016K, 0% used [0x00000000d5580000,0x00000000d5580000,0x00000000d6b00000)
  from space 1024K, 98% used [0x00000000d7080000,0x00000000d717cd38,0x00000000d7180000)
  to   space 10240K, 0% used [0x00000000d7500000,0x00000000d7500000,0x00000000d7f00000)
 ParOldGen       total 70656K, used 70289K [0x0000000080000000, 0x0000000084500000, 0x00000000d5580000)
  object space 70656K, 99% used [0x0000000080000000,0x00000000844a44a0,0x0000000084500000)
 Metaspace       used 80371K, committed 82112K, reserved 1179648K
  class space    used 10364K, committed 11136K, reserved 1048576K
}
Event: 3357.497 GC heap before
{Heap before GC invocations=79 (full 3):
 PSYoungGen      total 23040K, used 23027K [0x00000000d5580000, 0x00000000d7f00000, 0x0000000100000000)
  eden space 22016K, 100% used [0x00000000d5580000,0x00000000d6b00000,0x00000000d6b00000)
  from space 1024K, 98% used [0x00000000d7080000,0x00000000d717cd38,0x00000000d7180000)
  to   space 10240K, 0% used [0x00000000d7500000,0x00000000d7500000,0x00000000d7f00000)
 ParOldGen       total 70656K, used 70289K [0x0000000080000000, 0x0000000084500000, 0x00000000d5580000)
  object space 70656K, 99% used [0x0000000080000000,0x00000000844a44a0,0x0000000084500000)
 Metaspace       used 81688K, committed 83392K, reserved 1179648K
  class space    used 10598K, committed 11328K, reserved 1048576K
}
Event: 3357.501 GC heap after
{Heap after GC invocations=79 (full 3):
 PSYoungGen      total 23040K, used 736K [0x00000000d5580000, 0x00000000d7600000, 0x0000000100000000)
  eden space 22016K, 0% used [0x00000000d5580000,0x00000000d5580000,0x00000000d6b00000)
  from space 1024K, 71% used [0x00000000d7500000,0x00000000d75b8000,0x00000000d7600000)
  to   space 4096K, 0% used [0x00000000d6e00000,0x00000000d6e00000,0x00000000d7200000)
 ParOldGen       total 71680K, used 71287K [0x0000000080000000, 0x0000000084600000, 0x00000000d5580000)
  object space 71680K, 99% used [0x0000000080000000,0x000000008459de10,0x0000000084600000)
 Metaspace       used 81688K, committed 83392K, reserved 1179648K
  class space    used 10598K, committed 11328K, reserved 1048576K
}
Event: 3360.162 GC heap before
{Heap before GC invocations=80 (full 3):
 PSYoungGen      total 23040K, used 22752K [0x00000000d5580000, 0x00000000d7600000, 0x0000000100000000)
  eden space 22016K, 100% used [0x00000000d5580000,0x00000000d6b00000,0x00000000d6b00000)
  from space 1024K, 71% used [0x00000000d7500000,0x00000000d75b8000,0x00000000d7600000)
  to   space 4096K, 0% used [0x00000000d6e00000,0x00000000d6e00000,0x00000000d7200000)
 ParOldGen       total 71680K, used 71287K [0x0000000080000000, 0x0000000084600000, 0x00000000d5580000)
  object space 71680K, 99% used [0x0000000080000000,0x000000008459de10,0x0000000084600000)
 Metaspace       used 81709K, committed 83392K, reserved 1179648K
  class space    used 10598K, committed 11328K, reserved 1048576K
}
Event: 3360.169 GC heap after
{Heap after GC invocations=80 (full 3):
 PSYoungGen      total 26112K, used 544K [0x00000000d5580000, 0x00000000d7580000, 0x0000000100000000)
  eden space 22016K, 0% used [0x00000000d5580000,0x00000000d5580000,0x00000000d6b00000)
  from space 4096K, 13% used [0x00000000d6e00000,0x00000000d6e88000,0x00000000d7200000)
  to   space 1536K, 0% used [0x00000000d7400000,0x00000000d7400000,0x00000000d7580000)
 ParOldGen       total 72192K, used 71964K [0x0000000080000000, 0x0000000084680000, 0x00000000d5580000)
  object space 72192K, 99% used [0x0000000080000000,0x00000000846471c0,0x0000000084680000)
 Metaspace       used 81709K, committed 83392K, reserved 1179648K
  class space    used 10598K, committed 11328K, reserved 1048576K
}
Event: 3368.670 GC heap before
{Heap before GC invocations=81 (full 3):
 PSYoungGen      total 26112K, used 22560K [0x00000000d5580000, 0x00000000d7580000, 0x0000000100000000)
  eden space 22016K, 100% used [0x00000000d5580000,0x00000000d6b00000,0x00000000d6b00000)
  from space 4096K, 13% used [0x00000000d6e00000,0x00000000d6e88000,0x00000000d7200000)
  to   space 1536K, 0% used [0x00000000d7400000,0x00000000d7400000,0x00000000d7580000)
 ParOldGen       total 72192K, used 71964K [0x0000000080000000, 0x0000000084680000, 0x00000000d5580000)
  object space 72192K, 99% used [0x0000000080000000,0x00000000846471c0,0x0000000084680000)
 Metaspace       used 81717K, committed 83392K, reserved 1179648K
  class space    used 10598K, committed 11328K, reserved 1048576K
}
Event: 3368.673 GC heap after
{Heap after GC invocations=81 (full 3):
 PSYoungGen      total 23552K, used 1533K [0x00000000d5580000, 0x00000000d7580000, 0x0000000100000000)
  eden space 22016K, 0% used [0x00000000d5580000,0x00000000d5580000,0x00000000d6b00000)
  from space 1536K, 99% used [0x00000000d7400000,0x00000000d757f460,0x00000000d7580000)
  to   space 2048K, 0% used [0x00000000d7180000,0x00000000d7180000,0x00000000d7380000)
 ParOldGen       total 73216K, used 73042K [0x0000000080000000, 0x0000000084780000, 0x00000000d5580000)
  object space 73216K, 99% used [0x0000000080000000,0x00000000847549f0,0x0000000084780000)
 Metaspace       used 81717K, committed 83392K, reserved 1179648K
  class space    used 10598K, committed 11328K, reserved 1048576K
}
Event: 3371.580 GC heap before
{Heap before GC invocations=82 (full 3):
 PSYoungGen      total 23552K, used 23549K [0x00000000d5580000, 0x00000000d7580000, 0x0000000100000000)
  eden space 22016K, 100% used [0x00000000d5580000,0x00000000d6b00000,0x00000000d6b00000)
  from space 1536K, 99% used [0x00000000d7400000,0x00000000d757f460,0x00000000d7580000)
  to   space 2048K, 0% used [0x00000000d7180000,0x00000000d7180000,0x00000000d7380000)
 ParOldGen       total 73216K, used 73042K [0x0000000080000000, 0x0000000084780000, 0x00000000d5580000)
  object space 73216K, 99% used [0x0000000080000000,0x00000000847549f0,0x0000000084780000)
 Metaspace       used 82625K, committed 84416K, reserved 1179648K
  class space    used 10786K, committed 11520K, reserved 1048576K
}
Event: 3371.590 GC heap after
{Heap after GC invocations=82 (full 3):
 PSYoungGen      total 24064K, used 2046K [0x00000000d5580000, 0x00000000d7480000, 0x0000000100000000)
  eden space 22016K, 0% used [0x00000000d5580000,0x00000000d5580000,0x00000000d6b00000)
  from space 2048K, 99% used [0x00000000d7180000,0x00000000d737f800,0x00000000d7380000)
  to   space 1024K, 0% used [0x00000000d7380000,0x00000000d7380000,0x00000000d7480000)
 ParOldGen       total 75264K, used 75118K [0x0000000080000000, 0x0000000084980000, 0x00000000d5580000)
  object space 75264K, 99% used [0x0000000080000000,0x000000008495bac8,0x0000000084980000)
 Metaspace       used 82625K, committed 84416K, reserved 1179648K
  class space    used 10786K, committed 11520K, reserved 1048576K
}
Event: 3372.098 GC heap before
{Heap before GC invocations=83 (full 3):
 PSYoungGen      total 24064K, used 24062K [0x00000000d5580000, 0x00000000d7480000, 0x0000000100000000)
  eden space 22016K, 100% used [0x00000000d5580000,0x00000000d6b00000,0x00000000d6b00000)
  from space 2048K, 99% used [0x00000000d7180000,0x00000000d737f800,0x00000000d7380000)
  to   space 1024K, 0% used [0x00000000d7380000,0x00000000d7380000,0x00000000d7480000)
 ParOldGen       total 75264K, used 75118K [0x0000000080000000, 0x0000000084980000, 0x00000000d5580000)
  object space 75264K, 99% used [0x0000000080000000,0x000000008495bac8,0x0000000084980000)
 Metaspace       used 85050K, committed 86912K, reserved 1179648K
  class space    used 11199K, committed 11968K, reserved 1048576K
}
Event: 3372.103 GC heap after
{Heap after GC invocations=83 (full 3):
 PSYoungGen      total 23040K, used 608K [0x00000000d5580000, 0x00000000d7480000, 0x0000000100000000)
  eden space 22016K, 0% used [0x00000000d5580000,0x00000000d5580000,0x00000000d6b00000)
  from space 1024K, 59% used [0x00000000d7380000,0x00000000d7418000,0x00000000d7480000)
  to   space 2048K, 0% used [0x00000000d7080000,0x00000000d7080000,0x00000000d7280000)
 ParOldGen       total 77312K, used 77157K [0x0000000080000000, 0x0000000084b80000, 0x00000000d5580000)
  object space 77312K, 99% used [0x0000000080000000,0x0000000084b597f0,0x0000000084b80000)
 Metaspace       used 85050K, committed 86912K, reserved 1179648K
  class space    used 11199K, committed 11968K, reserved 1048576K
}
Event: 3385.359 GC heap before
{Heap before GC invocations=84 (full 3):
 PSYoungGen      total 23040K, used 22599K [0x00000000d5580000, 0x00000000d7480000, 0x0000000100000000)
  eden space 22016K, 99% used [0x00000000d5580000,0x00000000d6af9f58,0x00000000d6b00000)
  from space 1024K, 59% used [0x00000000d7380000,0x00000000d7418000,0x00000000d7480000)
  to   space 2048K, 0% used [0x00000000d7080000,0x00000000d7080000,0x00000000d7280000)
 ParOldGen       total 77312K, used 77157K [0x0000000080000000, 0x0000000084b80000, 0x00000000d5580000)
  object space 77312K, 99% used [0x0000000080000000,0x0000000084b597f0,0x0000000084b80000)
 Metaspace       used 86952K, committed 88832K, reserved 1179648K
  class space    used 11488K, committed 12288K, reserved 1048576K
}
Event: 3385.363 GC heap after
{Heap after GC invocations=84 (full 3):
 PSYoungGen      total 24064K, used 384K [0x00000000d5580000, 0x00000000d7400000, 0x0000000100000000)
  eden space 22016K, 0% used [0x00000000d5580000,0x00000000d5580000,0x00000000d6b00000)
  from space 2048K, 18% used [0x00000000d7080000,0x00000000d70e0000,0x00000000d7280000)
  to   space 1024K, 0% used [0x00000000d7300000,0x00000000d7300000,0x00000000d7400000)
 ParOldGen       total 77824K, used 77693K [0x0000000080000000, 0x0000000084c00000, 0x00000000d5580000)
  object space 77824K, 99% used [0x0000000080000000,0x0000000084bdf500,0x0000000084c00000)
 Metaspace       used 86952K, committed 88832K, reserved 1179648K
  class space    used 11488K, committed 12288K, reserved 1048576K
}

Dll operation events (17 events):
Event: 0.055 Loaded shared library c:\Users\Administrator\.vscode\extensions\redhat.java-1.52.0-win32-x64\jre\21.0.9-win32-x86_64\bin\java.dll
Event: 0.559 Loaded shared library c:\Users\Administrator\.vscode\extensions\redhat.java-1.52.0-win32-x64\jre\21.0.9-win32-x86_64\bin\zip.dll
Event: 0.649 Loaded shared library C:\Users\Administrator\.vscode\extensions\redhat.java-1.52.0-win32-x64\jre\21.0.9-win32-x86_64\bin\instrument.dll
Event: 0.658 Loaded shared library C:\Users\Administrator\.vscode\extensions\redhat.java-1.52.0-win32-x64\jre\21.0.9-win32-x86_64\bin\net.dll
Event: 0.696 Loaded shared library C:\Users\Administrator\.vscode\extensions\redhat.java-1.52.0-win32-x64\jre\21.0.9-win32-x86_64\bin\nio.dll
Event: 0.702 Loaded shared library C:\Users\Administrator\.vscode\extensions\redhat.java-1.52.0-win32-x64\jre\21.0.9-win32-x86_64\bin\zip.dll
Event: 0.979 Loaded shared library C:\Users\Administrator\.vscode\extensions\redhat.java-1.52.0-win32-x64\jre\21.0.9-win32-x86_64\bin\jimage.dll
Event: 1.323 Loaded shared library c:\Users\Administrator\.vscode\extensions\redhat.java-1.52.0-win32-x64\jre\21.0.9-win32-x86_64\bin\verify.dll
Event: 22.217 Loaded shared library C:\Users\Administrator\AppData\Roaming\Code\User\globalStorage\redhat.java\1.52.0\config_win\org.eclipse.equinox.launcher\org.eclipse.equinox.launcher.win32.win32.x86_64_1.2.1500.v20260121-1430\eclipse_11919.dll
Event: 41.681 Loaded shared library C:\Users\Administrator\AppData\Local\Temp\jna-445769345\jna1598345806896197638.dll
Event: 49.058 Loaded shared library C:\Users\Administrator\.vscode\extensions\redhat.java-1.52.0-win32-x64\jre\21.0.9-win32-x86_64\bin\sunmscapi.dll
Event: 50.398 Loaded shared library C:\Users\Administrator\.vscode\extensions\redhat.java-1.52.0-win32-x64\jre\21.0.9-win32-x86_64\bin\extnet.dll
Event: 161.902 Loaded shared library C:\Users\Administrator\.gradle\native\c067742578af261105cb4f569cf0c3c89f3d7b1fecec35dd04571415982c5e48\windows-amd64\native-platform.dll
Event: 178.741 Loaded shared library C:\Users\Administrator\.vscode\extensions\redhat.java-1.52.0-win32-x64\jre\21.0.9-win32-x86_64\bin\management.dll
Event: 178.746 Loaded shared library C:\Users\Administrator\.vscode\extensions\redhat.java-1.52.0-win32-x64\jre\21.0.9-win32-x86_64\bin\management_ext.dll
Event: 1008.785 Loaded shared library C:\Users\Administrator\.gradle\native\1def1411415f61bf3af743bc5b6707747c0891f09f0c88961ee8f79bc544acac\windows-amd64\native-platform.dll
Event: 3356.960 Loaded shared library C:\Users\Administrator\.gradle\native\1def1411415f61bf3af743bc5b6707747c0891f09f0c88961ee8f79bc544acac\windows-amd64-min\native-platform.dll

Deoptimization events (20 events):
Event: 3385.363 Thread 0x0000019265f70e80 DEOPT PACKING pc=0x00000192133d42b8 sp=0x00000066472fef20
Event: 3385.363 Thread 0x0000019265f70e80 DEOPT UNPACKING pc=0x0000019212713aa2 sp=0x00000066472fef28 mode 2
Event: 3385.689 Thread 0x00000192673a8d50 Uncommon trap: trap_request=0xffffffc6 fr.pc=0x000001921335d70c relative=0x000000000000056c
Event: 3385.689 Thread 0x00000192673a8d50 Uncommon trap: reason=bimorphic_or_optimized_type_check action=maybe_recompile pc=0x000001921335d70c method=org.eclipse.core.internal.jobs.JobManager.lambda$8(Lorg/eclipse/core/internal/jobs/InternalJob;JLorg/eclipse/core/internal/jobs/InternalJob;)Ljava/
Event: 3385.689 Thread 0x00000192673a8d50 DEOPT PACKING pc=0x000001921335d70c sp=0x00000066469feab0
Event: 3385.689 Thread 0x00000192673a8d50 DEOPT UNPACKING pc=0x0000019212713aa2 sp=0x00000066469fe9a0 mode 2
Event: 3716.553 Thread 0x00000192673a6c80 DEOPT PACKING pc=0x000001920c47d82b sp=0x00000066458ff330
Event: 3716.555 Thread 0x00000192673a6c80 DEOPT UNPACKING pc=0x0000019212714242 sp=0x00000066458fe818 mode 0
Event: 3944.090 Thread 0x00000192673a8030 DEOPT PACKING pc=0x000001920c47d82b sp=0x0000006645aff3e0
Event: 3944.093 Thread 0x00000192673a8030 DEOPT UNPACKING pc=0x0000019212714242 sp=0x0000006645afe8c8 mode 0
Event: 4193.015 Thread 0x00000192673acef0 DEOPT PACKING pc=0x000001920c47d82b sp=0x00000066454fef80
Event: 4193.016 Thread 0x00000192673acef0 DEOPT UNPACKING pc=0x0000019212714242 sp=0x00000066454fe468 mode 0
Event: 4481.091 Thread 0x0000019265f71510 DEOPT PACKING pc=0x000001920c47d82b sp=0x0000006645eff610
Event: 4481.092 Thread 0x0000019265f71510 DEOPT UNPACKING pc=0x0000019212714242 sp=0x0000006645efeaf8 mode 0
Event: 5202.871 Thread 0x00000192673a93e0 DEOPT PACKING pc=0x000001920c47d82b sp=0x00000066456ff0c0
Event: 5202.873 Thread 0x00000192673a93e0 DEOPT UNPACKING pc=0x0000019212714242 sp=0x00000066456fe5a8 mode 0
Event: 5689.152 Thread 0x00000192688c5e40 DEOPT PACKING pc=0x000001920c47f162 sp=0x0000006645cff180
Event: 5689.152 Thread 0x00000192688c5e40 DEOPT UNPACKING pc=0x0000019212714242 sp=0x0000006645cfe658 mode 0
Event: 6350.368 Thread 0x00000192688c7880 DEOPT PACKING pc=0x000001920c47d82b sp=0x0000006646cff1f0
Event: 6350.369 Thread 0x00000192688c7880 DEOPT UNPACKING pc=0x0000019212714242 sp=0x0000006646cfe6d8 mode 0

Classes loaded (20 events):
Event: 1011.734 Loading class java/lang/invoke/BoundMethodHandle$Species_LLLLLLLLLLLLLLLLLLLLLL
Event: 1011.734 Loading class java/lang/invoke/BoundMethodHandle$Species_LLLLLLLLLLLLLLLLLLLLLL done
Event: 1020.323 Loading class java/util/concurrent/ConcurrentLinkedQueue$Itr
Event: 1020.324 Loading class java/util/concurrent/ConcurrentLinkedQueue$Itr done
Event: 3217.064 Loading class sun/security/ssl/PreSharedKeyExtension$PskIdentity
Event: 3217.110 Loading class sun/security/ssl/PreSharedKeyExtension$PskIdentity done
Event: 3217.117 Loading class sun/security/ssl/PreSharedKeyExtension$CHPreSharedKeySpec
Event: 3217.204 Loading class sun/security/ssl/PreSharedKeyExtension$CHPreSharedKeySpec done
Event: 3217.205 Loading class sun/security/ssl/PreSharedKeyExtension$PartialClientHelloMessage
Event: 3217.229 Loading class sun/security/ssl/PreSharedKeyExtension$PartialClientHelloMessage done
Event: 3217.230 Loading class sun/security/ssl/SSLEngineOutputRecord
Event: 3217.315 Loading class sun/security/ssl/SSLEngineOutputRecord done
Event: 3217.455 Loading class sun/security/ssl/SSLEngineOutputRecord$HandshakeFragment
Event: 3217.480 Loading class sun/security/ssl/SSLEngineOutputRecord$HandshakeFragment done
Event: 3217.481 Loading class sun/security/ssl/SSLEngineOutputRecord$HandshakeMemo
Event: 3217.487 Loading class sun/security/ssl/SSLEngineOutputRecord$RecordMemo
Event: 3217.490 Loading class sun/security/ssl/SSLEngineOutputRecord$RecordMemo done
Event: 3217.490 Loading class sun/security/ssl/SSLEngineOutputRecord$HandshakeMemo done
Event: 3219.247 Loading class sun/security/ssl/PreSharedKeyExtension$SHPreSharedKeySpec
Event: 3219.256 Loading class sun/security/ssl/PreSharedKeyExtension$SHPreSharedKeySpec done

Classes unloaded (8 events):
Event: 42.838 Thread 0x00000192080316e0 Unloading class 0x00000192201ad400 'java/lang/invoke/LambdaForm$MH+0x00000192201ad400'
Event: 42.838 Thread 0x00000192080316e0 Unloading class 0x00000192201ad000 'java/lang/invoke/LambdaForm$MH+0x00000192201ad000'
Event: 42.838 Thread 0x00000192080316e0 Unloading class 0x00000192201acc00 'java/lang/invoke/LambdaForm$MH+0x00000192201acc00'
Event: 42.838 Thread 0x00000192080316e0 Unloading class 0x00000192201ac800 'java/lang/invoke/LambdaForm$MH+0x00000192201ac800'
Event: 42.838 Thread 0x00000192080316e0 Unloading class 0x00000192201ac400 'java/lang/invoke/LambdaForm$BMH+0x00000192201ac400'
Event: 42.838 Thread 0x00000192080316e0 Unloading class 0x00000192201ac000 'java/lang/invoke/LambdaForm$DMH+0x00000192201ac000'
Event: 42.838 Thread 0x00000192080316e0 Unloading class 0x00000192201aac00 'java/lang/invoke/LambdaForm$DMH+0x00000192201aac00'
Event: 46.571 Thread 0x00000192080316e0 Unloading class 0x0000019220310c00 'java/lang/invoke/LambdaForm$MH+0x0000019220310c00'

Classes redefined (0 events):
No events

Internal exceptions (20 events):
Event: 3376.712 Thread 0x00000192688c7f10 Exception <a 'java/lang/NoSuchMethodError'{0x00000000d677fb80}: 'void java.lang.invoke.DirectMethodHandle$Holder.invokeInterface(java.lang.Object, java.lang.Object, java.lang.Object, java.lang.Object)'> (0x00000000d677fb80) 
thrown [s\src\hotspot\share\interpreter\linkResolver.cpp, line 773]
Event: 3378.744 Thread 0x00000192688c7f10 Exception <a 'java/lang/NoSuchMethodError'{0x00000000d684e100}: static Lorg/gradle/internal/build/event/types/AbstractProgressEvent;.<clinit>()V> (0x00000000d684e100) 
thrown [s\src\hotspot\share\prims\jni.cpp, line 1111]
Event: 3378.745 Thread 0x00000192688c7f10 Exception <a 'java/lang/NoSuchMethodError'{0x00000000d685c110}: static Lorg/gradle/internal/build/event/types/DefaultOperationStartedProgressEvent;.<clinit>()V> (0x00000000d685c110) 
thrown [s\src\hotspot\share\prims\jni.cpp, line 1111]
Event: 3378.750 Thread 0x00000192688c7f10 Exception <a 'java/lang/NoSuchMethodError'{0x00000000d68724d0}: static Lorg/gradle/internal/build/event/types/DefaultOperationDescriptor;.<clinit>()V> (0x00000000d68724d0) 
thrown [s\src\hotspot\share\prims\jni.cpp, line 1111]
Event: 3378.752 Thread 0x00000192688c7f10 Exception <a 'java/lang/NoSuchMethodError'{0x00000000d6881040}: static Lorg/gradle/internal/operations/OperationIdentifier;.<clinit>()V> (0x00000000d6881040) 
thrown [s\src\hotspot\share\prims\jni.cpp, line 1111]
Event: 3380.730 Thread 0x00000192688c7f10 Exception <a 'java/lang/NoSuchMethodError'{0x00000000d68b60b0}: static Lorg/gradle/internal/build/event/types/DefaultOperationFinishedProgressEvent;.<clinit>()V> (0x00000000d68b60b0) 
thrown [s\src\hotspot\share\prims\jni.cpp, line 1111]
Event: 3380.733 Thread 0x00000192688c7f10 Exception <a 'java/lang/NoSuchMethodError'{0x00000000d68cc538}: static Lorg/gradle/internal/build/event/types/AbstractResult;.<clinit>()V> (0x00000000d68cc538) 
thrown [s\src\hotspot\share\prims\jni.cpp, line 1111]
Event: 3380.735 Thread 0x00000192688c7f10 Exception <a 'java/lang/NoSuchMethodError'{0x00000000d68da558}: static Lorg/gradle/internal/build/event/types/AbstractOperationResult;.<clinit>()V> (0x00000000d68da558) 
thrown [s\src\hotspot\share\prims\jni.cpp, line 1111]
Event: 3380.736 Thread 0x00000192688c7f10 Exception <a 'java/lang/NoSuchMethodError'{0x00000000d68e88f0}: static Lorg/gradle/internal/build/event/types/DefaultSuccessResult;.<clinit>()V> (0x00000000d68e88f0) 
thrown [s\src\hotspot\share\prims\jni.cpp, line 1111]
Event: 3385.144 Thread 0x00000192688c7f10 Exception <a 'java/lang/NoSuchMethodError'{0x00000000d6930840}: static Lorg/gradle/internal/build/event/types/DefaultFailureResult;.<clinit>()V> (0x00000000d6930840) 
thrown [s\src\hotspot\share\prims\jni.cpp, line 1111]
Event: 3385.150 Thread 0x00000192688c7f10 Exception <a 'java/lang/NoSuchMethodError'{0x00000000d695d7d8}: static Lorg/gradle/internal/build/event/types/DefaultFailure;.<clinit>()V> (0x00000000d695d7d8) 
thrown [s\src\hotspot\share\prims\jni.cpp, line 1111]
Event: 3385.351 Thread 0x00000192688c7f10 Exception <a 'java/lang/NoSuchMethodError'{0x00000000d6a62748}: static Lorg/gradle/internal/build/event/types/DefaultRootOperationDescriptor;.<clinit>()V> (0x00000000d6a62748) 
thrown [s\src\hotspot\share\prims\jni.cpp, line 1111]
Event: 3385.531 Thread 0x00000192688c7f10 Exception <a 'java/lang/NoSuchMethodError'{0x00000000d55d02f0}: static Lorg/gradle/tooling/internal/provider/serialization/ClassLoaderDetails;.<clinit>()V> (0x00000000d55d02f0) 
thrown [s\src\hotspot\share\prims\jni.cpp, line 1111]
Event: 3385.532 Thread 0x00000192688c7f10 Exception <a 'java/lang/NoSuchMethodError'{0x00000000d55df250}: static Lorg/gradle/internal/classloader/ClassLoaderSpec;.<clinit>()V> (0x00000000d55df250) 
thrown [s\src\hotspot\share\prims\jni.cpp, line 1111]
Event: 3385.533 Thread 0x00000192688c7f10 Exception <a 'java/lang/NoSuchMethodError'{0x00000000d55eef20}: static Lorg/gradle/tooling/internal/provider/serialization/WellKnownClassLoaderRegistry$KnownClassLoaderSpec;.<clinit>()V> (0x00000000d55eef20) 
thrown [s\src\hotspot\share\prims\jni.cpp, line 1111]
Event: 3385.536 Thread 0x00000192688c7f10 Exception <a 'java/lang/NoSuchMethodError'{0x00000000d56000a0}: static Lorg/gradle/internal/classloader/ClassLoaderSpec;.<clinit>()V> (0x00000000d56000a0) 
thrown [s\src\hotspot\share\prims\jni.cpp, line 1111]
Event: 3385.538 Thread 0x00000192688c7f10 Exception <a 'java/lang/NoSuchMethodError'{0x00000000d5610f30}: static Lorg/gradle/internal/classloader/VisitableURLClassLoader$Spec;.<clinit>()V> (0x00000000d5610f30) 
thrown [s\src\hotspot\share\prims\jni.cpp, line 1111]
Event: 3385.643 Thread 0x00000192688c7f10 Exception <a 'java/lang/NoSuchMethodError'{0x00000000d5ae1ec0}: static Lorg/gradle/api/GradleException;.<clinit>()V> (0x00000000d5ae1ec0) 
thrown [s\src\hotspot\share\prims\jni.cpp, line 1111]
Event: 3385.644 Thread 0x00000192688c7f10 Exception <a 'java/lang/NoSuchMethodError'{0x00000000d5ae3440}: static Lorg/gradle/internal/exceptions/ContextAwareException;.<clinit>()V> (0x00000000d5ae3440) 
thrown [s\src\hotspot\share\prims\jni.cpp, line 1111]
Event: 3385.644 Thread 0x00000192688c7f10 Exception <a 'java/lang/NoSuchMethodError'{0x00000000d5ae5810}: static Lorg/gradle/internal/exceptions/LocationAwareException;.<clinit>()V> (0x00000000d5ae5810) 
thrown [s\src\hotspot\share\prims\jni.cpp, line 1111]

ZGC Phase Switch (0 events):
No events

VM Operations (20 events):
Event: 5411.090 Executing VM operation: RendezvousGCThreads
Event: 5411.090 Executing VM operation: RendezvousGCThreads done
Event: 5591.446 Executing VM operation: HandshakeAllThreads (HandshakeForDeflation)
Event: 5591.446 Executing VM operation: HandshakeAllThreads (HandshakeForDeflation) done
Event: 5591.446 Executing VM operation: RendezvousGCThreads
Event: 5591.446 Executing VM operation: RendezvousGCThreads done
Event: 5651.643 Executing VM operation: HandshakeAllThreads (HandshakeForDeflation)
Event: 5651.643 Executing VM operation: HandshakeAllThreads (HandshakeForDeflation) done
Event: 5651.643 Executing VM operation: RendezvousGCThreads
Event: 5651.643 Executing VM operation: RendezvousGCThreads done
Event: 5832.347 Executing VM operation: HandshakeAllThreads (HandshakeForDeflation)
Event: 5832.347 Executing VM operation: HandshakeAllThreads (HandshakeForDeflation) done
Event: 5832.347 Executing VM operation: RendezvousGCThreads
Event: 5832.347 Executing VM operation: RendezvousGCThreads done
Event: 6062.593 Executing VM operation: Cleanup
Event: 6062.598 Executing VM operation: Cleanup done
Event: 6072.814 Executing VM operation: HandshakeAllThreads (HandshakeForDeflation)
Event: 6072.814 Executing VM operation: HandshakeAllThreads (HandshakeForDeflation) done
Event: 6072.814 Executing VM operation: RendezvousGCThreads
Event: 6072.814 Executing VM operation: RendezvousGCThreads done

Memory protections (0 events):
No events

Nmethod flushes (20 events):
Event: 178.551 Thread 0x00000192080316e0 flushing  nmethod 0x000001920baa8090
Event: 178.551 Thread 0x00000192080316e0 flushing  nmethod 0x000001920baa8410
Event: 178.551 Thread 0x00000192080316e0 flushing  nmethod 0x000001920bab0010
Event: 178.551 Thread 0x00000192080316e0 flushing  nmethod 0x000001920baf1a90
Event: 178.551 Thread 0x00000192080316e0 flushing  nmethod 0x000001920baf2190
Event: 178.551 Thread 0x00000192080316e0 flushing  nmethod 0x000001920baf9090
Event: 178.551 Thread 0x00000192080316e0 flushing  nmethod 0x000001920baf9490
Event: 178.551 Thread 0x00000192080316e0 flushing  nmethod 0x000001920baf9890
Event: 178.551 Thread 0x00000192080316e0 flushing  nmethod 0x000001920bafae90
Event: 178.551 Thread 0x00000192080316e0 flushing  nmethod 0x000001920bafbe90
Event: 178.551 Thread 0x00000192080316e0 flushing  nmethod 0x000001920bafc310
Event: 178.551 Thread 0x00000192080316e0 flushing  nmethod 0x000001920bafc790
Event: 178.551 Thread 0x00000192080316e0 flushing  nmethod 0x000001920bb02c90
Event: 178.551 Thread 0x00000192080316e0 flushing  nmethod 0x000001920bb03590
Event: 178.551 Thread 0x00000192080316e0 flushing  nmethod 0x000001920bb03990
Event: 178.551 Thread 0x00000192080316e0 flushing  nmethod 0x000001920bb04410
Event: 178.551 Thread 0x00000192080316e0 flushing  nmethod 0x000001920bb05c90
Event: 178.551 Thread 0x00000192080316e0 flushing  nmethod 0x000001920bb2a790
Event: 178.551 Thread 0x00000192080316e0 flushing osr nmethod 0x000001920bb2b010
Event: 178.551 Thread 0x00000192080316e0 flushing  nmethod 0x000001920bb32410

Events (20 events):
Event: 3372.333 Thread 0x00000192688c6b60 Thread added: 0x0000019265f707f0
Event: 3372.726 Thread 0x00000192688c7f10 Thread added: 0x0000019265f71ba0
Event: 3372.734 Thread 0x0000019265f71ba0 Thread added: 0x0000019265f72f50
Event: 3372.734 Thread 0x0000019265f71ba0 Thread added: 0x0000019265f735e0
Event: 3372.736 Thread 0x0000019265f72f50 Thread exited: 0x0000019265f72f50
Event: 3376.641 Thread 0x0000019265f71ba0 Thread exited: 0x0000019265f71ba0
Event: 3376.641 Thread 0x0000019265f735e0 Thread exited: 0x0000019265f735e0
Event: 3385.358 Thread 0x00000192688c7f10 Thread added: 0x0000019265f70e80
Event: 3385.543 Thread 0x0000019265f70e80 Thread exited: 0x0000019265f70e80
Event: 3385.546 Thread 0x00000192688c5120 Thread exited: 0x00000192688c5120
Event: 3385.570 Thread 0x0000019207efc680 Thread added: 0x000001926a54e060
Event: 3385.647 Thread 0x00000192688c7f10 Thread exited: 0x00000192688c7f10
Event: 3385.843 Thread 0x000001926a54e060 Thread exited: 0x000001926a54e060
Event: 3432.578 Thread 0x00000192688c29c0 Thread exited: 0x00000192688c29c0
Event: 3432.578 Thread 0x0000019265f707f0 Thread exited: 0x0000019265f707f0
Event: 3432.594 Thread 0x00000192688c6b60 Thread exited: 0x00000192688c6b60
Event: 3515.021 Thread 0x00000192688c3050 Thread added: 0x0000019265f70e80
Event: 3515.025 Thread 0x0000019265f70e80 Thread exited: 0x0000019265f70e80
Event: 3515.040 Thread 0x00000192688c3050 Thread added: 0x0000019265f71ba0
Event: 3515.041 Thread 0x0000019265f71ba0 Thread exited: 0x0000019265f71ba0


Dynamic libraries:
0x00007ff735260000 - 0x00007ff73526e000 	c:\Users\Administrator\.vscode\extensions\redhat.java-1.52.0-win32-x64\jre\21.0.9-win32-x86_64\bin\java.exe
0x00007ffbfb2d0000 - 0x00007ffbfb4e7000 	C:\Windows\SYSTEM32\ntdll.dll
0x00007ffbf95c0000 - 0x00007ffbf9684000 	C:\Windows\System32\KERNEL32.DLL
0x00007ffbf85f0000 - 0x00007ffbf899d000 	C:\Windows\System32\KERNELBASE.dll
0x00007ffbf8a40000 - 0x00007ffbf8b51000 	C:\Windows\System32\ucrtbase.dll
0x00007ffbdf640000 - 0x00007ffbdf658000 	c:\Users\Administrator\.vscode\extensions\redhat.java-1.52.0-win32-x64\jre\21.0.9-win32-x86_64\bin\jli.dll
0x00007ffbf9000000 - 0x00007ffbf91ae000 	C:\Windows\System32\USER32.dll
0x00007ffbf8fd0000 - 0x00007ffbf8ff6000 	C:\Windows\System32\win32u.dll
0x00007ffbfa4b0000 - 0x00007ffbfa4d9000 	C:\Windows\System32\GDI32.dll
0x00007ffbf8c20000 - 0x00007ffbf8d39000 	C:\Windows\System32\gdi32full.dll
0x00007ffbf89a0000 - 0x00007ffbf8a3a000 	C:\Windows\System32\msvcp_win.dll
0x00007ffbdf590000 - 0x00007ffbdf5ae000 	c:\Users\Administrator\.vscode\extensions\redhat.java-1.52.0-win32-x64\jre\21.0.9-win32-x86_64\bin\VCRUNTIME140.dll
0x00007ffbe6c00000 - 0x00007ffbe6e93000 	C:\Windows\WinSxS\amd64_microsoft.windows.common-controls_6595b64144ccf1df_6.0.22621.3672_none_2713b9d173822955\COMCTL32.dll
0x00007ffbf9860000 - 0x00007ffbf9907000 	C:\Windows\System32\msvcrt.dll
0x00007ffbf9fe0000 - 0x00007ffbfa011000 	C:\Windows\System32\IMM32.DLL
0x00007ffbf1270000 - 0x00007ffbf127c000 	c:\Users\Administrator\.vscode\extensions\redhat.java-1.52.0-win32-x64\jre\21.0.9-win32-x86_64\bin\vcruntime140_1.dll
0x00007ffbc1050000 - 0x00007ffbc10dd000 	c:\Users\Administrator\.vscode\extensions\redhat.java-1.52.0-win32-x64\jre\21.0.9-win32-x86_64\bin\msvcp140.dll
0x00007ffb9c070000 - 0x00007ffb9ce10000 	c:\Users\Administrator\.vscode\extensions\redhat.java-1.52.0-win32-x64\jre\21.0.9-win32-x86_64\bin\server\jvm.dll
0x00007ffbfa3f0000 - 0x00007ffbfa4a2000 	C:\Windows\System32\ADVAPI32.dll
0x00007ffbf9930000 - 0x00007ffbf99d9000 	C:\Windows\System32\sechost.dll
0x00007ffbf8f20000 - 0x00007ffbf8f48000 	C:\Windows\System32\bcrypt.dll
0x00007ffbfa020000 - 0x00007ffbfa134000 	C:\Windows\System32\RPCRT4.dll
0x00007ffbf9320000 - 0x00007ffbf9391000 	C:\Windows\System32\WS2_32.dll
0x00007ffbf84b0000 - 0x00007ffbf84fd000 	C:\Windows\SYSTEM32\POWRPROF.dll
0x00007ffbf1230000 - 0x00007ffbf1264000 	C:\Windows\SYSTEM32\WINMM.dll
0x00007ffbebc60000 - 0x00007ffbebc6a000 	C:\Windows\SYSTEM32\VERSION.dll
0x00007ffbf8490000 - 0x00007ffbf84a3000 	C:\Windows\SYSTEM32\UMPDC.dll
0x00007ffbf75e0000 - 0x00007ffbf75f8000 	C:\Windows\SYSTEM32\kernel.appcore.dll
0x00007ffbe8620000 - 0x00007ffbe862a000 	c:\Users\Administrator\.vscode\extensions\redhat.java-1.52.0-win32-x64\jre\21.0.9-win32-x86_64\bin\jimage.dll
0x00007ffbe70c0000 - 0x00007ffbe72f2000 	C:\Windows\SYSTEM32\DBGHELP.DLL
0x00007ffbfa640000 - 0x00007ffbfa9cd000 	C:\Windows\System32\combase.dll
0x00007ffbf91b0000 - 0x00007ffbf9287000 	C:\Windows\System32\OLEAUT32.dll
0x00007ffbea7e0000 - 0x00007ffbea812000 	C:\Windows\SYSTEM32\dbgcore.DLL
0x00007ffbf8f50000 - 0x00007ffbf8fcb000 	C:\Windows\System32\bcryptPrimitives.dll
0x00007ffbe2680000 - 0x00007ffbe268f000 	c:\Users\Administrator\.vscode\extensions\redhat.java-1.52.0-win32-x64\jre\21.0.9-win32-x86_64\bin\instrument.dll
0x00007ffbdb550000 - 0x00007ffbdb570000 	c:\Users\Administrator\.vscode\extensions\redhat.java-1.52.0-win32-x64\jre\21.0.9-win32-x86_64\bin\java.dll
0x00007ffbfaa20000 - 0x00007ffbfb287000 	C:\Windows\System32\SHELL32.dll
0x00007ffbf64c0000 - 0x00007ffbf6dbe000 	C:\Windows\SYSTEM32\windows.storage.dll
0x00007ffbf6380000 - 0x00007ffbf64bf000 	C:\Windows\SYSTEM32\wintypes.dll
0x00007ffbf9ee0000 - 0x00007ffbf9fd9000 	C:\Windows\System32\SHCORE.dll
0x00007ffbf9420000 - 0x00007ffbf947e000 	C:\Windows\System32\shlwapi.dll
0x00007ffbf8520000 - 0x00007ffbf8541000 	C:\Windows\SYSTEM32\profapi.dll
0x00007ffbd9360000 - 0x00007ffbd9378000 	c:\Users\Administrator\.vscode\extensions\redhat.java-1.52.0-win32-x64\jre\21.0.9-win32-x86_64\bin\zip.dll
0x00007ffbe82c0000 - 0x00007ffbe82d0000 	C:\Users\Administrator\.vscode\extensions\redhat.java-1.52.0-win32-x64\jre\21.0.9-win32-x86_64\bin\net.dll
0x00007ffbf0170000 - 0x00007ffbf02a6000 	C:\Windows\SYSTEM32\WINHTTP.dll
0x00007ffbf7a40000 - 0x00007ffbf7aa9000 	C:\Windows\system32\mswsock.dll
0x00007ffbd9100000 - 0x00007ffbd9116000 	C:\Users\Administrator\.vscode\extensions\redhat.java-1.52.0-win32-x64\jre\21.0.9-win32-x86_64\bin\nio.dll
0x00007ffbe2410000 - 0x00007ffbe2420000 	c:\Users\Administrator\.vscode\extensions\redhat.java-1.52.0-win32-x64\jre\21.0.9-win32-x86_64\bin\verify.dll
0x00007ffbe1dd0000 - 0x00007ffbe1e15000 	C:\Users\Administrator\AppData\Roaming\Code\User\globalStorage\redhat.java\1.52.0\config_win\org.eclipse.equinox.launcher\org.eclipse.equinox.launcher.win32.win32.x86_64_1.2.1500.v20260121-1430\eclipse_11919.dll
0x00007ffbfa240000 - 0x00007ffbfa3e5000 	C:\Windows\System32\ole32.dll
0x00007ffbf7d90000 - 0x00007ffbf7dab000 	C:\Windows\SYSTEM32\CRYPTSP.dll
0x00007ffbf7540000 - 0x00007ffbf7575000 	C:\Windows\system32\rsaenh.dll
0x00007ffbf7ae0000 - 0x00007ffbf7b08000 	C:\Windows\SYSTEM32\USERENV.dll
0x00007ffbf7d70000 - 0x00007ffbf7d7c000 	C:\Windows\SYSTEM32\CRYPTBASE.dll
0x00007ffbf7020000 - 0x00007ffbf704d000 	C:\Windows\SYSTEM32\IPHLPAPI.DLL
0x00007ffbf9690000 - 0x00007ffbf9699000 	C:\Windows\System32\NSI.dll
0x00007ffbe0a70000 - 0x00007ffbe0ab9000 	C:\Users\Administrator\AppData\Local\Temp\jna-445769345\jna1598345806896197638.dll
0x00007ffbf9540000 - 0x00007ffbf9548000 	C:\Windows\System32\PSAPI.DLL
0x00007ffbf04c0000 - 0x00007ffbf04d9000 	C:\Windows\SYSTEM32\dhcpcsvc6.DLL
0x00007ffbf03d0000 - 0x00007ffbf03ef000 	C:\Windows\SYSTEM32\dhcpcsvc.DLL
0x00007ffbe2cf0000 - 0x00007ffbe2cfe000 	C:\Users\Administrator\.vscode\extensions\redhat.java-1.52.0-win32-x64\jre\21.0.9-win32-x86_64\bin\sunmscapi.dll
0x00007ffbf8d40000 - 0x00007ffbf8ea7000 	C:\Windows\System32\CRYPT32.dll
0x00007ffbf7eb0000 - 0x00007ffbf7ede000 	C:\Windows\SYSTEM32\ncrypt.dll
0x00007ffbf7e70000 - 0x00007ffbf7ea7000 	C:\Windows\SYSTEM32\NTASN1.dll
0x00007ffbf7090000 - 0x00007ffbf7188000 	C:\Windows\SYSTEM32\DNSAPI.dll
0x00007ffbebc50000 - 0x00007ffbebc5a000 	C:\Windows\System32\rasadhlp.dll
0x00007ffbeeeb0000 - 0x00007ffbeef33000 	C:\Windows\System32\fwpuclnt.dll
0x00007ffbe2960000 - 0x00007ffbe2969000 	C:\Users\Administrator\.vscode\extensions\redhat.java-1.52.0-win32-x64\jre\21.0.9-win32-x86_64\bin\extnet.dll
0x00007ffbe0d80000 - 0x00007ffbe0da7000 	C:\Users\Administrator\.gradle\native\c067742578af261105cb4f569cf0c3c89f3d7b1fecec35dd04571415982c5e48\windows-amd64\native-platform.dll
0x00007ffbe81d0000 - 0x00007ffbe81da000 	C:\Users\Administrator\.vscode\extensions\redhat.java-1.52.0-win32-x64\jre\21.0.9-win32-x86_64\bin\management.dll
0x00007ffbe2d30000 - 0x00007ffbe2d3c000 	C:\Users\Administrator\.vscode\extensions\redhat.java-1.52.0-win32-x64\jre\21.0.9-win32-x86_64\bin\management_ext.dll
0x00007ffbdead0000 - 0x00007ffbdead8000 	C:\Windows\system32\wshunix.dll
0x00007ffbe2d40000 - 0x00007ffbe2d67000 	C:\Users\Administrator\.gradle\native\1def1411415f61bf3af743bc5b6707747c0891f09f0c88961ee8f79bc544acac\windows-amd64\native-platform.dll
0x00007ffbdfa80000 - 0x00007ffbdfaa7000 	C:\Users\Administrator\.gradle\native\1def1411415f61bf3af743bc5b6707747c0891f09f0c88961ee8f79bc544acac\windows-amd64-min\native-platform.dll

JVMTI agents:
c:\Users\Administrator\.vscode\extensions\redhat.java-1.52.0-win32-x64\lombok\lombok-1.18.39-4050.jar path:c:\Users\Administrator\.vscode\extensions\redhat.java-1.52.0-win32-x64\jre\21.0.9-win32-x86_64\bin\instrument.dll, loaded, initialized, instrumentlib options:none

dbghelp: loaded successfully - version: 4.0.5 - missing functions: none
symbol engine: initialized successfully - sym options: 0x614 - pdb path: .;c:\Users\Administrator\.vscode\extensions\redhat.java-1.52.0-win32-x64\jre\21.0.9-win32-x86_64\bin;C:\Windows\SYSTEM32;C:\Windows\WinSxS\amd64_microsoft.windows.common-controls_6595b64144ccf1df_6.0.22621.3672_none_2713b9d173822955;c:\Users\Administrator\.vscode\extensions\redhat.java-1.52.0-win32-x64\jre\21.0.9-win32-x86_64\bin\server;C:\Users\Administrator\AppData\Roaming\Code\User\globalStorage\redhat.java\1.52.0\config_win\org.eclipse.equinox.launcher\org.eclipse.equinox.launcher.win32.win32.x86_64_1.2.1500.v20260121-1430;C:\Users\Administrator\AppData\Local\Temp\jna-445769345;C:\Users\Administrator\.gradle\native\c067742578af261105cb4f569cf0c3c89f3d7b1fecec35dd04571415982c5e48\windows-amd64;C:\Users\Administrator\.gradle\native\1def1411415f61bf3af743bc5b6707747c0891f09f0c88961ee8f79bc544acac\windows-amd64;C:\Users\Administrator\.gradle\native\1def1411415f61bf3af743bc5b6707747c0891f09f0c88961ee8f79bc544acac\windows-amd64-min

VM Arguments:
jvm_args: --add-modules=ALL-SYSTEM --add-opens=java.base/java.util=ALL-UNNAMED --add-opens=java.base/java.lang=ALL-UNNAMED --add-opens=java.base/sun.nio.fs=ALL-UNNAMED -Declipse.application=org.eclipse.jdt.ls.core.id1 -Dosgi.bundles.defaultStartLevel=4 -Declipse.product=org.eclipse.jdt.ls.core.product -Djava.import.generatesMetadataFilesAtProjectRoot=false -DDetectVMInstallationsJob.disabled=true -Dfile.encoding=utf8 -XX:+UseParallelGC -XX:GCTimeRatio=4 -XX:AdaptiveSizePolicyWeight=90 -Dsun.zip.disableMemoryMapping=true -Xmx2G -Xms100m -Xlog:disable -javaagent:c:\Users\Administrator\.vscode\extensions\redhat.java-1.52.0-win32-x64\lombok\lombok-1.18.39-4050.jar -XX:+HeapDumpOnOutOfMemoryError -XX:HeapDumpPath=c:\Users\Administrator\AppData\Roaming\Code\User\workspaceStorage\45473262a3cf383fdb719061347ca718\redhat.java -Daether.dependencyCollector.impl=bf 
java_command: c:\Users\Administrator\.vscode\extensions\redhat.java-1.52.0-win32-x64\server\plugins\org.eclipse.equinox.launcher_1.7.100.v20251111-0406.jar -configuration c:\Users\Administrator\AppData\Roaming\Code\User\globalStorage\redhat.java\1.52.0\config_win -data c:\Users\Administrator\AppData\Roaming\Code\User\workspaceStorage\45473262a3cf383fdb719061347ca718\redhat.java\jdt_ws --pipe=\\.\pipe\lsp-83ed938373010533bd640b70b3c4bea1-sock
java_class_path (initial): c:\Users\Administrator\.vscode\extensions\redhat.java-1.52.0-win32-x64\server\plugins\org.eclipse.equinox.launcher_1.7.100.v20251111-0406.jar
Launcher Type: SUN_STANDARD

[Global flags]
    uintx AdaptiveSizePolicyWeight                 = 90                                        {product} {command line}
     intx CICompilerCount                          = 3                                         {product} {ergonomic}
    uintx GCTimeRatio                              = 4                                         {product} {command line}
     bool HeapDumpOnOutOfMemoryError               = true                                   {manageable} {command line}
    ccstr HeapDumpPath                             = c:\Users\Administrator\AppData\Roaming\Code\User\workspaceStorage\45473262a3cf383fdb719061347ca718\redhat.java         {manageable} {command line}
   size_t InitialHeapSize                          = 104857600                                 {product} {command line}
   size_t MaxHeapSize                              = 2147483648                                {product} {command line}
   size_t MaxNewSize                               = 715653120                                 {product} {ergonomic}
   size_t MinHeapDeltaBytes                        = 524288                                    {product} {ergonomic}
   size_t MinHeapSize                              = 104857600                                 {product} {command line}
   size_t NewSize                                  = 34603008                                  {product} {ergonomic}
    uintx NonNMethodCodeHeapSize                   = 5832780                                {pd product} {ergonomic}
    uintx NonProfiledCodeHeapSize                  = 122912730                              {pd product} {ergonomic}
   size_t OldSize                                  = 70254592                                  {product} {ergonomic}
    uintx ProfiledCodeHeapSize                     = 122912730                              {pd product} {ergonomic}
    uintx ReservedCodeCacheSize                    = 251658240                              {pd product} {ergonomic}
     bool SegmentedCodeCache                       = true                                      {product} {ergonomic}
   size_t SoftMaxHeapSize                          = 2147483648                             {manageable} {ergonomic}
     bool UseCompressedOops                        = true                           {product lp64_product} {ergonomic}
     bool UseLargePagesIndividualAllocation        = false                                  {pd product} {ergonomic}
     bool UseParallelGC                            = true                                      {product} {command line}

Logging:
Log output configuration:
 #0: stdout all=off uptime,level,tags foldmultilines=false
 #1: stderr all=off uptime,level,tags foldmultilines=false

Release file:
JAVA_VERSION="21.0.9" 
MODULES="java.base java.compiler java.datatransfer java.xml java.prefs java.desktop java.instrument java.logging java.management java.security.sasl java.naming java.rmi java.management.rmi java.net.http java.scripting java.security.jgss java.transaction.xa java.sql java.sql.rowset java.xml.crypto java.se java.smartcardio jdk.accessibility jdk.internal.jvmstat jdk.attach jdk.charsets jdk.internal.opt jdk.zipfs jdk.compiler jdk.crypto.ec jdk.crypto.cryptoki jdk.crypto.mscapi jdk.dynalink jdk.internal.ed jdk.editpad jdk.hotspot.agent jdk.httpserver jdk.internal.le jdk.internal.vm.ci jdk.internal.vm.compiler jdk.internal.vm.compiler.management jdk.jartool jdk.javadoc jdk.jcmd jdk.management jdk.management.agent jdk.jconsole jdk.jdeps jdk.jdwp.agent jdk.jdi jdk.jfr jdk.jshell jdk.jsobject jdk.jstatd jdk.localedata jdk.management.jfr jdk.naming.dns jdk.naming.rmi jdk.net jdk.nio.mapmode jdk.random jdk.sctp jdk.security.auth jdk.security.jgss jdk.unsupported jdk.unsupported.desktop jdk.xml.dom" 

Environment Variables:
JAVA_HOME=C:\Program Files\Amazon Corretto\jdk25.0.2_10
PATH=C:\Program Files\Amazon Corretto\jdk25.0.2_10\bin;C:\Windows\system32;C:\Windows;C:\Windows\System32\Wbem;C:\Windows\System32\WindowsPowerShell\v1.0\;C:\Windows\System32\OpenSSH\;C:\Users\Administrator\AppData\Local\Microsoft\WindowsApps;C:\adb;C:\platform-tools;C:\ProgramData\chocolatey\bin;C:\Program Files\dotnet\;C:\Program Files\PuTTY\;C:\Program Files\Tesseract-OCR;C:\Program Files\Git\cmd;C:\Program Files\Amazon Corretto\jdk25.0.2_10\bin;C:\Program Files\nodejs\;C:\Users\Administrator\AppData\Local\Programs\Python\Python313\Scripts\;C:\Users\Administrator\AppData\Local\Programs\Python\Python313\;C:\Users\Administrator\AppData\Local\Programs\Python\Python39\Scripts\;C:\Users\Administrator\AppData\Local\Programs\Python\Python39\;C:\Python312\Scripts\;C:\Python312\;C:\Users\Administrator\AppData\Local\Microsoft\WindowsApps;C:\Users\Administrator\AppData\Local\Programs\Microsoft VS Code\bin;C:\Users\Administrator\AppData\Roaming\npm
USERNAME=Mathew Valeriano
OS=Windows_NT
PROCESSOR_IDENTIFIER=Intel64 Family 6 Model 58 Stepping 9, GenuineIntel
TMP=C:\Users\ADMINI~1\AppData\Local\Temp
TEMP=C:\Users\ADMINI~1\AppData\Local\Temp




Periodic native trim disabled

---------------  S Y S T E M  ---------------

OS:
 Windows 11 , 64 bit Build 22621 (10.0.22621.3958)
OS uptime: 1 days 4:20 hours
Hyper-V role detected

CPU: total 4 (initial active 4) (2 cores per cpu, 2 threads per core) family 6 model 58 stepping 9 microcode 0x21, cx8, cmov, fxsr, ht, mmx, sse, sse2, sse3, ssse3, sse4.1, sse4.2, popcnt, tsc, tscinvbit, avx, aes, erms, clmul, vzeroupper, clflush, hv, rdtscp, f16c
Processor Information for the first 4 processors :
  Max Mhz: 2601, Current Mhz: 2601, Mhz Limit: 2601

Memory: 4k page, system-wide physical 8081M (1609M free)
TotalPageFile size 12081M (AvailPageFile size 2M)
current process WorkingSet (physical memory assigned to process): 12M, peak: 318M
current process commit charge ("private bytes"): 437M, peak: 452M

vm_info: OpenJDK 64-Bit Server VM (21.0.9+10-LTS) for windows-amd64 JRE (21.0.9+10-LTS), built on 2025-10-21T00:00:00Z by "admin" with unknown MS VC++:1942

END.
